<?xml version="1.0" encoding="UTF-8" ?>
<testsuite failures="0" time="0.032" errors="0" skipped="0" tests="1" name="com.caizhongming.Ericsson.test.AppTest">
  <properties>
    <property name="java.runtime.name" value="Java(TM) SE Runtime Environment"/>
    <property name="sun.boot.library.path" value="D:\java\jre7\bin"/>
    <property name="java.vm.version" value="23.6-b04"/>
    <property name="java.vm.vendor" value="Oracle Corporation"/>
    <property name="java.vendor.url" value="http://java.oracle.com/"/>
    <property name="path.separator" value=";"/>
    <property name="java.vm.name" value="Java HotSpot(TM) Client VM"/>
    <property name="file.encoding.pkg" value="sun.io"/>
    <property name="user.script" value=""/>
    <property name="user.country" value="CN"/>
    <property name="sun.java.launcher" value="SUN_STANDARD"/>
    <property name="sun.os.patch.level" value="Service Pack 3"/>
    <property name="java.vm.specification.name" value="Java Virtual Machine Specification"/>
    <property name="user.dir" value="D:\eclipse\workspace\test"/>
    <property name="java.runtime.version" value="1.7.0_11-b21"/>
    <property name="java.awt.graphicsenv" value="sun.awt.Win32GraphicsEnvironment"/>
    <property name="basedir" value="D:\eclipse\workspace\test"/>
    <property name="java.endorsed.dirs" value="D:\java\jre7\lib\endorsed"/>
    <property name="os.arch" value="x86"/>
    <property name="surefire.real.class.path" value="D:\eclipse\workspace\test\target\surefire\surefirebooter7183142542392371896.jar"/>
    <property name="java.io.tmpdir" value="C:\DOCUME~1\momo\LOCALS~1\Temp\"/>
    <property name="line.separator" value="
"/>
    <property name="java.vm.specification.vendor" value="Oracle Corporation"/>
    <property name="user.variant" value=""/>
    <property name="os.name" value="Windows XP"/>
    <property name="sun.jnu.encoding" value="GBK"/>
    <property name="java.library.path" value="D:\java\jre7\bin;C:\WINDOWS\Sun\Java\bin;C:\WINDOWS\system32;C:\WINDOWS;D:/java/bin/../jre/bin/client;D:/java/bin/../jre/bin;D:/java/bin/../jre/lib/i386;D:\java\bin;C:\WINDOWS\system32;C:\WINDOWS;C:\WINDOWS\System32\Wbem;C:\Program Files\Common Files\TTKN\Bin;D:\MySQL\MySQL Server 5.5\bin;D:\visual C++\Tools\WinNT;D:\visual C++\MSDev98\Bin;D:\visual C++\Tools;D:\VC98\bin;C:\Documents and Settings\momo;;."/>
    <property name="surefire.test.class.path" value="D:\eclipse\workspace\test\target\test-classes;D:\eclipse\workspace\test\target\classes;C:\Documents and Settings\momo\.m2\repository\junit\junit\3.8.1\junit-3.8.1.jar;"/>
    <property name="java.specification.name" value="Java Platform API Specification"/>
    <property name="java.class.version" value="51.0"/>
    <property name="sun.management.compiler" value="HotSpot Client Compiler"/>
    <property name="os.version" value="5.1"/>
    <property name="user.home" value="C:\Documents and Settings\momo"/>
    <property name="user.timezone" value=""/>
    <property name="java.awt.printerjob" value="sun.awt.windows.WPrinterJob"/>
    <property name="java.specification.version" value="1.7"/>
    <property name="file.encoding" value="GBK"/>
    <property name="user.name" value="momo"/>
    <property name="java.class.path" value="D:\eclipse\workspace\test\target\test-classes;D:\eclipse\workspace\test\target\classes;C:\Documents and Settings\momo\.m2\repository\junit\junit\3.8.1\junit-3.8.1.jar;"/>
    <property name="java.vm.specification.version" value="1.7"/>
    <property name="sun.arch.data.model" value="32"/>
    <property name="java.home" value="D:\java\jre7"/>
    <property name="sun.java.command" value="D:\eclipse\workspace\test\target\surefire\surefirebooter7183142542392371896.jar D:\eclipse\workspace\test\target\surefire\surefire1785461622188445694tmp D:\eclipse\workspace\test\target\surefire\surefire7488685216239864408tmp"/>
    <property name="java.specification.vendor" value="Oracle Corporation"/>
    <property name="user.language" value="zh"/>
    <property name="awt.toolkit" value="sun.awt.windows.WToolkit"/>
    <property name="java.vm.info" value="mixed mode, sharing"/>
    <property name="java.version" value="1.7.0_11"/>
    <property name="java.ext.dirs" value="D:\java\jre7\lib\ext;C:\WINDOWS\Sun\Java\lib\ext"/>
    <property name="sun.boot.class.path" value="D:\java\jre7\lib\resources.jar;D:\java\jre7\lib\rt.jar;D:\java\jre7\lib\sunrsasign.jar;D:\java\jre7\lib\jsse.jar;D:\java\jre7\lib\jce.jar;D:\java\jre7\lib\charsets.jar;D:\java\jre7\lib\jfr.jar;D:\java\jre7\classes"/>
    <property name="java.vendor" value="Oracle Corporation"/>
    <property name="localRepository" value="C:\Documents and Settings\momo\.m2\repository"/>
    <property name="file.separator" value="\"/>
    <property name="java.vendor.url.bug" value="http://bugreport.sun.com/bugreport/"/>
    <property name="sun.cpu.endian" value="little"/>
    <property name="sun.io.unicode.encoding" value="UnicodeLittle"/>
    <property name="sun.desktop" value="windows"/>
    <property name="sun.cpu.isalist" value="pentium_pro+mmx pentium_pro pentium+mmx pentium i486 i386 i86"/>
  </properties>
  <testcase time="0" classname="com.caizhongming.Ericsson.test.AppTest" name="testApp"/>
</testsuite>